--------------------------------info[15:01:05]--------------------------------
System.Exception: 程序运行目录 : D:\Downloads\WestWorldVPN-For-Windows-1.06\WestWorldVPN-For-Windows\WestWorldVPN.exe

 
--------------------------------info[15:01:05]--------------------------------
System.Exception: Main exe start up 1.06

 
--------------------------------info[15:01:05]--------------------------------
System.Exception: 网络请求地址：https://xbvpn.site/system/default/init?config_version=a60c3d6e5ca3d444abefd5b43ca39ae0

 
--------------------------------info[15:01:07]--------------------------------
System.Exception: PAC Webserver prefixes http://127.0.0.1:21883/pac/

 
--------------------------------info[15:01:07]--------------------------------
System.Exception: PAC Webserver at 127.0.0.1:21883

 
--------------------------------info[15:01:07]--------------------------------
System.Exception: PAC Webserver running...

 
--------------------------------info[15:01:07]--------------------------------
System.Exception: PAC Webserver Request 127.0.0.1

 
--------------------------------info[15:01:07]--------------------------------
System.Exception: PAC Webserver Request 127.0.0.1

 
--------------------------------info[15:01:15]--------------------------------
System.Exception: 网络请求地址：https://xbvpn.site/user/account/get-info

 
--------------------------------info[15:01:15]--------------------------------
System.Exception: 网络请求地址：https://xbvpn.site/system/default/init?config_version=119ac059edd689f53c476a018fd7393a

 
--------------------------------info[15:01:15]--------------------------------
System.Exception: 网络请求地址：https://xbvpn.site/user/node/get-list?limit=500&net_type=TROJAN&request_platform=APP_WINDOWS

 
--------------------------------由于线程退出或应用程序请求，已中止 I/O 操作。[15:01:35]--------------------------------
System.Net.HttpListenerException (0x80004005): 由于线程退出或应用程序请求，已中止 I/O 操作。
   在 System.Net.HttpListener.GetContext()
   在 WestWorldVPN.Component.HttpWebServer.<Run>b__4_0(Object o)

 
--------------------------------info[15:01:37]--------------------------------
System.Exception: PAC Webserver prefixes http://127.0.0.1:21883/pac/

 
--------------------------------info[15:01:37]--------------------------------
System.Exception: PAC Webserver at 127.0.0.1:21883

 
--------------------------------info[15:01:37]--------------------------------
System.Exception: PAC Webserver Request 127.0.0.1

 
--------------------------------info[15:01:37]--------------------------------
System.Exception: PAC Webserver Request 127.0.0.1

 
--------------------------------info[15:01:38]--------------------------------
System.Exception: PAC Webserver Request 127.0.0.1

 
--------------------------------info[15:01:52]--------------------------------
System.Exception: 网络请求地址：https://xbvpn.site/user/node/get-list?limit=500&net_type=TROJAN&request_platform=APP_WINDOWS

 
--------------------------------由于线程退出或应用程序请求，已中止 I/O 操作。[15:01:56]--------------------------------
System.Net.HttpListenerException (0x80004005): 由于线程退出或应用程序请求，已中止 I/O 操作。
   在 System.Net.HttpListener.GetContext()
   在 WestWorldVPN.Component.HttpWebServer.<Run>b__4_0(Object o)

 
--------------------------------info[15:01:57]--------------------------------
System.Exception: PAC Webserver prefixes http://127.0.0.1:21883/pac/

 
--------------------------------info[15:01:57]--------------------------------
System.Exception: PAC Webserver at 127.0.0.1:21883

 
--------------------------------info[15:01:57]--------------------------------
System.Exception: PAC Webserver Request 127.0.0.1

 
--------------------------------info[15:01:57]--------------------------------
System.Exception: PAC Webserver Request 127.0.0.1

 
--------------------------------info[15:02:15]--------------------------------
System.Exception: 网络请求地址：https://xbvpn.site/user/node/get-list?limit=500&net_type=TROJAN&request_platform=APP_WINDOWS

 
--------------------------------由于线程退出或应用程序请求，已中止 I/O 操作。[15:02:17]--------------------------------
System.Net.HttpListenerException (0x80004005): 由于线程退出或应用程序请求，已中止 I/O 操作。
   在 System.Net.HttpListener.GetContext()
   在 WestWorldVPN.Component.HttpWebServer.<Run>b__4_0(Object o)

 
--------------------------------info[15:02:18]--------------------------------
System.Exception: PAC Webserver prefixes http://127.0.0.1:21883/pac/

 
--------------------------------info[15:02:18]--------------------------------
System.Exception: PAC Webserver at 127.0.0.1:21883

 
--------------------------------info[15:02:18]--------------------------------
System.Exception: PAC Webserver running...

 
--------------------------------info[15:02:20]--------------------------------
System.Exception: PAC Webserver Request 127.0.0.1

 
--------------------------------info[15:02:20]--------------------------------
System.Exception: PAC Webserver Request 127.0.0.1

 
--------------------------------info[15:02:36]--------------------------------
System.Exception: 网络请求地址：https://xbvpn.site/user/account/get-info

 
--------------------------------info[15:02:37]--------------------------------
System.Exception: 网络请求地址：https://xbvpn.site/system/default/init?config_version=834da2ed38c7f92e490d37506060b43f

 
--------------------------------info[15:02:37]--------------------------------
System.Exception: 网络请求地址：https://xbvpn.site/user/node/get-list?limit=500&net_type=TROJAN&request_platform=APP_WINDOWS

 
--------------------------------由于线程退出或应用程序请求，已中止 I/O 操作。[15:02:38]--------------------------------
System.Net.HttpListenerException (0x80004005): 由于线程退出或应用程序请求，已中止 I/O 操作。
   在 System.Net.HttpListener.GetContext()
   在 WestWorldVPN.Component.HttpWebServer.<Run>b__4_0(Object o)

 
