--------------------------------info[14:24:28]--------------------------------
System.Exception: 程序运行目录 : D:\Downloads\WestWorldVPN-For-Windows-1.06\WestWorldVPN-For-Windows\WestWorldVPN.exe

 
--------------------------------info[14:24:28]--------------------------------
System.Exception: Main exe start up 1.06

 
--------------------------------info[14:24:28]--------------------------------
System.Exception: 网络请求地址：https://xbsj9855.xyz/system/default/init?config_version=75e09d5f58bde5256bcbf2df00a6432b

 
--------------------------------info[14:24:30]--------------------------------
System.Exception: PAC Webserver prefixes http://127.0.0.1:21883/pac/

 
--------------------------------info[14:24:30]--------------------------------
System.Exception: PAC Webserver at 127.0.0.1:21883

 
--------------------------------info[14:24:30]--------------------------------
System.Exception: PAC Webserver running...

 
--------------------------------info[14:24:30]--------------------------------
System.Exception: PAC Webserver Request 127.0.0.1

 
--------------------------------info[14:24:32]--------------------------------
System.Exception: PAC Webserver Request 127.0.0.1

 
--------------------------------info[14:24:32]--------------------------------
System.Exception: PAC Webserver Request 127.0.0.1

 
--------------------------------info[14:27:17]--------------------------------
System.Exception: PAC Webserver Request 127.0.0.1

 
--------------------------------info[14:27:40]--------------------------------
System.Exception: PAC Webserver Request 127.0.0.1

 
--------------------------------info[14:28:22]--------------------------------
System.Exception: PAC Webserver Request 127.0.0.1

 
--------------------------------info[14:28:26]--------------------------------
System.Exception: 网络请求地址：https://xbsj9855.xyz/user/account/get-info

 
--------------------------------info[14:28:27]--------------------------------
System.Exception: 网络请求地址：https://xbsj9855.xyz/system/default/init?config_version=93647d0c45272b6ee2028d5b2d466e21

 
--------------------------------info[14:28:27]--------------------------------
System.Exception: 网络请求地址：https://xbsj9855.xyz/user/node/get-list?limit=500&net_type=TROJAN&request_platform=APP_WINDOWS

 
--------------------------------info[14:29:47]--------------------------------
System.Exception: PAC Webserver Request 127.0.0.1

 
--------------------------------info[14:30:47]--------------------------------
System.Exception: PAC Webserver Request 127.0.0.1

 
--------------------------------info[14:34:48]--------------------------------
System.Exception: 网络请求地址：https://xbsj9855.xyz/user/account/get-info

 
--------------------------------info[14:34:49]--------------------------------
System.Exception: 网络请求地址：https://xbsj9855.xyz/user/account/get-info

 
--------------------------------info[14:34:49]--------------------------------
System.Exception: 网络请求地址：https://xbvpn.site/user/account/get-info

 
--------------------------------info[14:34:52]--------------------------------
System.Exception: 网络请求地址：https://xbsj9855.xyz/user/account/get-info

 
--------------------------------info[14:34:52]--------------------------------
System.Exception: 地址变换为：https://xbvpn.site

 
--------------------------------info[14:34:52]--------------------------------
System.Exception: 网络请求地址：https://xbsj9855.xyz/system/default/init?config_version=207e1dcb0299dbf0b9b4bf0506b2d367

 
--------------------------------info[14:34:52]--------------------------------
System.Exception: 网络请求地址：https://xbsj9855.xyz/user/node/get-list?limit=500&net_type=TROJAN&request_platform=APP_WINDOWS

 
--------------------------------info[14:34:52]--------------------------------
System.Exception: 网络请求地址：https://xbsj9855.xyz/user/account/get-info

 
--------------------------------info[14:34:52]--------------------------------
System.Exception: 网络请求地址：https://xbsj9855.xyz/user/node/get-list?limit=500&net_type=TROJAN&request_platform=APP_WINDOWS

 
--------------------------------info[14:34:52]--------------------------------
System.Exception: 网络请求地址：https://xbsj9855.xyz/system/default/init?config_version=207e1dcb0299dbf0b9b4bf0506b2d367

 
--------------------------------info[14:34:52]--------------------------------
System.Exception: 网络请求地址：https://xbvpn.site/user/account/get-info

 
--------------------------------info[14:34:52]--------------------------------
System.Exception: 网络请求地址：https://xbvpn.site/user/node/get-list?limit=500&net_type=TROJAN&request_platform=APP_WINDOWS

 
--------------------------------info[14:34:52]--------------------------------
System.Exception: 网络请求地址：https://xbvpn.site/system/default/init?config_version=207e1dcb0299dbf0b9b4bf0506b2d367

 
--------------------------------info[14:34:53]--------------------------------
System.Exception: 地址变换为：https://xbvpn.site

 
--------------------------------info[14:34:53]--------------------------------
System.Exception: 网络请求地址：https://xbvpn.site/system/default/init?config_version=207e1dcb0299dbf0b9b4bf0506b2d367

 
--------------------------------info[14:34:53]--------------------------------
System.Exception: 网络请求地址：https://xbvpn.site/user/node/get-list?limit=500&net_type=TROJAN&request_platform=APP_WINDOWS

 
--------------------------------info[14:34:53]--------------------------------
System.Exception: 地址变换为：https://xbsj9855.xyz

 
--------------------------------info[14:34:53]--------------------------------
System.Exception: 地址变换为：https://xbvpn.site

 
--------------------------------info[14:35:49]--------------------------------
System.Exception: PAC Webserver Request 127.0.0.1

 
--------------------------------info[14:35:49]--------------------------------
System.Exception: PAC Webserver Request 127.0.0.1

 
--------------------------------info[14:37:19]--------------------------------
System.Exception: PAC Webserver Request 127.0.0.1

 
--------------------------------info[14:38:26]--------------------------------
System.Exception: PAC Webserver Request 127.0.0.1

 
--------------------------------info[14:39:36]--------------------------------
System.Exception: 网络请求地址：https://xbvpn.site/user/account/get-info

 
--------------------------------info[14:39:37]--------------------------------
System.Exception: 网络请求地址：https://xbvpn.site/system/default/init?config_version=4b0de5a53096f3737628bf5c590f63b2

 
--------------------------------info[14:39:37]--------------------------------
System.Exception: 网络请求地址：https://xbvpn.site/user/node/get-list?limit=500&net_type=TROJAN&request_platform=APP_WINDOWS

 
--------------------------------info[14:40:30]--------------------------------
System.Exception: PAC Webserver Request 127.0.0.1

 
--------------------------------info[14:41:32]--------------------------------
System.Exception: PAC Webserver Request 127.0.0.1

 
--------------------------------info[16:04:33]--------------------------------
System.Exception: 网络请求地址：https://xbvpn.site/user/account/get-info

 
--------------------------------info[16:04:34]--------------------------------
System.Exception: 网络请求地址：https://xbvpn.site/system/default/init?config_version=a60c3d6e5ca3d444abefd5b43ca39ae0

 
--------------------------------info[16:04:34]--------------------------------
System.Exception: 网络请求地址：https://xbvpn.site/user/node/get-list?limit=500&net_type=TROJAN&request_platform=APP_WINDOWS

 
--------------------------------由于线程退出或应用程序请求，已中止 I/O 操作。[16:04:34]--------------------------------
System.Net.HttpListenerException (0x80004005): 由于线程退出或应用程序请求，已中止 I/O 操作。
   在 System.Net.HttpListener.GetContext()
   在 WestWorldVPN.Component.HttpWebServer.<Run>b__4_0(Object o)

 
